android/sna-sdk/consumer-rules.pro
# Consumer ProGuard rules for library users
# This file is automatically included in the AAR

# Keep SDK public API
-keep class com.otplesssdk.sna.SNASdk { *; }
-keep interface com.otplesssdk.sna.callback.** { *; }
-keep class com.otplesssdk.sna.models.** { *; }