android/sna-sdk/build/outputs/mapping/release/seeds.txt
com.otplesssdk.sna.models.FailureReason
com.otplesssdk.sna.utils.CellularNetworkBinder$acquireCellularNetwork$2
com.otplesssdk.sna.utils.SimUtils
com.otplesssdk.sna.utils.SnaRedirectTracer$HopBuilder
com.otplesssdk.sna.R
com.otplesssdk.sna.models.SnaHeader
com.otplesssdk.sna.utils.SnaConfig
com.otplesssdk.sna.utils.NetworkUtils
com.otplesssdk.sna.utils.SnaUrlHandler$execute$2$1
com.otplesssdk.sna.SNASdk$authenticate$1
com.otplesssdk.sna.utils.SnaUrlHandler$await$2$1
com.otplesssdk.sna.utils.SnaUrlHandler$execute$2
com.otplesssdk.sna.utils.SnaUrlHandler$BodyRead
com.otplesssdk.sna.models.SnaResult
com.otplesssdk.sna.SNASdk$Companion
com.otplesssdk.sna.models.SnaResult$Success
com.otplesssdk.sna.utils.CellularNetworkBinder$acquireCellularNetwork$2$1$1
com.otplesssdk.sna.utils.SnaUrlHandler$executeWithOptionalCellularBinding$1
com.otplesssdk.sna.SNASdk
com.otplesssdk.sna.utils.CellularNetworkBinder
com.otplesssdk.sna.utils.CellularNetworkBinder$acquireCellularNetwork$2$1$callback$1$onAvailable$1
com.otplesssdk.sna.utils.TelephonyHelper
com.otplesssdk.sna.utils.SnaRedirectTracer
com.otplesssdk.sna.utils.SnaUrlHandler
com.otplesssdk.sna.models.SnaTimings
com.otplesssdk.sna.utils.CellularNetworkBinder$acquireCellularNetwork$2$1$callback$1
com.otplesssdk.sna.utils.SnaUrlHandler$await$2$2
com.otplesssdk.sna.models.SnaResult$Failure
com.otplesssdk.sna.models.SimNetworkInfo
com.otplesssdk.sna.utils.SnaUrlHandler$execute$2$1$1$1
com.otplesssdk.sna.models.SnaRedirectHop
com.otplesssdk.sna.models.SnaFinalResponse
com.otplesssdk.sna.callback.SnaCallback
com.otplesssdk.sna.utils.SnaUrlHandler$executeWithOptionalCellularBinding$1: int I$0
com.otplesssdk.sna.utils.CellularNetworkBinder$acquireCellularNetwork$2$1$callback$1$onAvailable$1: kotlin.jvm.internal.Ref$ObjectRef $callbackRef
com.otplesssdk.sna.models.SnaFinalResponse: java.lang.String body
com.otplesssdk.sna.utils.SnaRedirectTracer$HopBuilder: java.lang.Long tlsStartNs
com.otplesssdk.sna.utils.SnaUrlHandler$execute$2$1: long $timeoutSeconds
com.otplesssdk.sna.utils.SnaRedirectTracer$HopBuilder: java.lang.Long endNs
com.otplesssdk.sna.utils.SnaUrlHandler: java.lang.String TAG
com.otplesssdk.sna.SNASdk$authenticate$1: com.otplesssdk.sna.SNASdk this$0
com.otplesssdk.sna.utils.SnaUrlHandler$execute$2: int label
com.otplesssdk.sna.models.SnaResult$Failure: java.lang.String detail
com.otplesssdk.sna.utils.NetworkUtils: com.otplesssdk.sna.utils.NetworkUtils INSTANCE
com.otplesssdk.sna.utils.SnaRedirectTracer$HopBuilder: java.lang.Long connectStartNs
com.otplesssdk.sna.utils.SnaConfig: long READ_TIMEOUT_SECONDS
com.otplesssdk.sna.utils.SnaUrlHandler$execute$2: java.lang.String $urlString
com.otplesssdk.sna.utils.CellularNetworkBinder$acquireCellularNetwork$2: android.net.ConnectivityManager $cm
com.otplesssdk.sna.utils.SnaUrlHandler$executeWithOptionalCellularBinding$1: int label
com.otplesssdk.sna.utils.SnaUrlHandler$execute$2$1: com.otplesssdk.sna.utils.SnaRedirectTracer $tracer
com.otplesssdk.sna.models.SnaHeader: java.lang.String name
com.otplesssdk.sna.models.SnaResult$Failure: java.util.List redirects
com.otplesssdk.sna.utils.SnaUrlHandler$execute$2$1$1$1: kotlin.jvm.internal.Ref$ObjectRef $cellularAcquireMs
com.otplesssdk.sna.utils.SnaUrlHandler$execute$2$1$1$1: kotlin.jvm.internal.Ref$ObjectRef $processBindMs
com.otplesssdk.sna.utils.SnaUrlHandler$BodyRead: boolean truncated
com.otplesssdk.sna.utils.CellularNetworkBinder: java.lang.String TAG
com.otplesssdk.sna.SNASdk: java.lang.String SDK_VERSION
com.otplesssdk.sna.utils.SnaUrlHandler$executeWithOptionalCellularBinding$1: java.lang.Object L$0
com.otplesssdk.sna.models.FailureReason: com.otplesssdk.sna.models.FailureReason REDIRECT_FAILURE
com.otplesssdk.sna.utils.SnaUrlHandler$execute$2$1: java.lang.Object L$3
com.otplesssdk.sna.SNASdk: com.otplesssdk.sna.SNASdk$Companion Companion
com.otplesssdk.sna.utils.SnaUrlHandler$executeWithOptionalCellularBinding$1: java.lang.Object L$1