android/sna-sdk/build/outputs/mapping/release/mapping.txt
# compiler: R8
# compiler_version: 8.2.33
# common_typos_disable
# {"id":"com.android.tools.r8.mapping","version":"2.2"}
# pg_map_id: 2aa7693
# pg_map_hash: SHA-256 2aa769365dfa1b3f0ebafaeb4f68b0bc60d67650e36da40fa1ae22874c710b58
com.otplesssdk.sna.SNASdk -> com.otplesssdk.sna.SNASdk:
# {"id":"sourceFile","fileName":"SNASdk.kt"}
    1:1:void <init>(android.content.Context):0:0 -> <init>
    2:2:void <init>(android.content.Context,kotlin.jvm.internal.DefaultConstructorMarker):0:0 -> <init>
    1:1:void authenticate(java.lang.String,long,com.otplesssdk.sna.callback.SnaCallback):0:0 -> authenticate
    2:2:void authenticate(java.lang.String,long,java.util.List,com.otplesssdk.sna.callback.SnaCallback):0:0 -> authenticate
    3:3:void authenticate(java.lang.String,com.otplesssdk.sna.callback.SnaCallback):0:0 -> authenticate
    1:1:com.otplesssdk.sna.SNASdk initialize(android.content.Context):0:0 -> initialize
    2:2:com.otplesssdk.sna.SNASdk initialize(android.content.Context,java.lang.String):0:0 -> initialize
    3:3:com.otplesssdk.sna.SNASdk initialize(android.content.Context,java.lang.String,java.lang.String):0:0 -> initialize
com.otplesssdk.sna.SNASdk$Companion -> com.otplesssdk.sna.SNASdk$Companion:
# {"id":"sourceFile","fileName":"SNASdk.kt"}
    1:1:void <init>(kotlin.jvm.internal.DefaultConstructorMarker):0:0 -> <init>
    1:1:com.otplesssdk.sna.SNASdk initialize(android.content.Context):0:0 -> initialize
    2:2:com.otplesssdk.sna.SNASdk initialize(android.content.Context,java.lang.String):0:0 -> initialize
    3:3:com.otplesssdk.sna.SNASdk initialize(android.content.Context,java.lang.String,java.lang.String):0:0 -> initialize
com.otplesssdk.sna.SNASdk$authenticate$1 -> com.otplesssdk.sna.SNASdk$authenticate$1:
# {"id":"sourceFile","fileName":"SNASdk.kt"}
    1:1:java.lang.Object invoke(java.lang.Object,java.lang.Object):0:0 -> invoke
    2:2:java.lang.Object invoke(kotlinx.coroutines.CoroutineScope,kotlin.coroutines.Continuation):0:0 -> invoke
com.otplesssdk.sna.callback.SnaCallback -> com.otplesssdk.sna.callback.SnaCallback:
# {"id":"sourceFile","fileName":"SnaCallback.kt"}
com.otplesssdk.sna.models.FailureReason -> com.otplesssdk.sna.models.FailureReason:
# {"id":"sourceFile","fileName":"SnaResult.kt"}
com.otplesssdk.sna.models.SimNetworkInfo -> com.otplesssdk.sna.models.SimNetworkInfo:
# {"id":"sourceFile","fileName":"SimNetworkInfo.kt"}
com.otplesssdk.sna.models.SnaFinalResponse -> com.otplesssdk.sna.models.SnaFinalResponse:
# {"id":"sourceFile","fileName":"SnaResult.kt"}
com.otplesssdk.sna.models.SnaHeader -> com.otplesssdk.sna.models.SnaHeader:
# {"id":"sourceFile","fileName":"SnaResult.kt"}
com.otplesssdk.sna.models.SnaRedirectHop -> com.otplesssdk.sna.models.SnaRedirectHop:
# {"id":"sourceFile","fileName":"SnaResult.kt"}
    1:1:void <init>(java.lang.String,java.lang.Integer,long,java.lang.Long,java.lang.Long,java.lang.Long):0:0 -> <init>
    2:2:void <init>(java.lang.String,java.lang.Integer,long,java.lang.Long,java.lang.Long,java.lang.Long,int,kotlin.jvm.internal.DefaultConstructorMarker):0:0 -> <init>
com.otplesssdk.sna.models.SnaResult -> com.otplesssdk.sna.models.SnaResult:
# {"id":"sourceFile","fileName":"SnaResult.kt"}
    1:1:void <init>(kotlin.jvm.internal.DefaultConstructorMarker):0:0 -> <init>
com.otplesssdk.sna.models.SnaResult$Failure -> com.otplesssdk.sna.models.SnaResult$Failure:
# {"id":"sourceFile","fileName":"SnaResult.kt"}
    1:1:void <init>(com.otplesssdk.sna.models.FailureReason,java.lang.String,com.otplesssdk.sna.models.SnaTimings,com.otplesssdk.sna.models.SnaFinalResponse,java.util.List):0:0 -> <init>
    2:2:void <init>(com.otplesssdk.sna.models.FailureReason,java.lang.String,com.otplesssdk.sna.models.SnaTimings,com.otplesssdk.sna.models.SnaFinalResponse,java.util.List,int,kotlin.jvm.internal.DefaultConstructorMarker):0:0 -> <init>
com.otplesssdk.sna.models.SnaResult$Success -> com.otplesssdk.sna.models.SnaResult$Success:
# {"id":"sourceFile","fileName":"SnaResult.kt"}